{
  "RSpec": {
    "coverage": {
      "/Users/apprentice/Desktop/adopt_a_coder/app/controllers/application_controller.rb": [
        1,
        null,
        null,
        1,
        null,
        1,
        6,
        102,
        null,
        null,
        null,
        1,
        1,
        null,
        null,
        null
      ],
      "/Users/apprentice/Desktop/adopt_a_coder/app/controllers/applications_controller.rb": [
        1,
        null,
        null,
        null,
        null,
        1,
        null,
        null,
        1,
        1,
        1,
        0,
        null,
        1,
        null,
        null,
        null,
        1,
        1,
        null,
        null,
        1,
        3,
        3,
        2,
        1,
        null,
        1,
        1,
        null,
        2,
        null,
        1,
        1,
        null,
        null,
        null,
        1,
        null,
        1,
        1,
        null,
        null,
        null
      ],
      "/Users/apprentice/Desktop/adopt_a_coder/app/controllers/candidates_controller.rb": [
        1,
        1,
        1,
        null,
        null,
        1,
        1,
        0,
        null,
        1,
        null,
        null,
        null,
        1,
        4,
        4,
        2,
        2,
        2,
        null,
        2,
        2,
        null,
        null,
        null,
        1,
        null,
        null,
        null,
        1,
        1,
        1,
        null,
        null,
        1,
        1,
        1,
        null,
        null,
        1,
        null,
        null,
        null,
        1,
        null,
        1,
        4,
        null,
        null,
        1,
        1,
        null,
        null,
        null
      ],
      "/Users/apprentice/Desktop/adopt_a_coder/app/controllers/donors_controller.rb": [
        1,
        null,
        1,
        1,
        null,
        null,
        1,
        null,
        4,
        4,
        2,
        2,
        null,
        2,
        2,
        null,
        null,
        null,
        null,
        1,
        2,
        1,
        1,
        1,
        null,
        1,
        null,
        null,
        null,
        1,
        null,
        1,
        4,
        null,
        null,
        null
      ],
      "/Users/apprentice/Desktop/adopt_a_coder/app/controllers/home_controller.rb": [
        null,
        1,
        null,
        1,
        17,
        null,
        null,
        1,
        14,
        null,
        null,
        null
      ],
      "/Users/apprentice/Desktop/adopt_a_coder/app/controllers/sessions_controller.rb": [
        1,
        null,
        null,
        1,
        4,
        null,
        4,
        3,
        3,
        2,
        null,
        1,
        null,
        null,
        1,
        1,
        null,
        null,
        null,
        null,
        1,
        3,
        3,
        3,
        null,
        null,
        null,
        null,
        null,
        null,
        null,
        null
      ],
      "/Users/apprentice/Desktop/adopt_a_coder/app/models/application.rb": [
        1,
        1,
        1,
        1,
        1,
        null,
        1,
        null,
        1,
        1,
        1,
        1,
        null,
        null,
        null,
        1,
        4,
        4,
        4,
        null,
        3,
        null,
        null,
        1,
        1,
        null,
        null,
        1,
        2,
        2,
        2,
        null,
        2,
        null,
        null,
        null,
        1,
        1,
        36,
        435,
        null,
        null,
        null,
        null,
        null
      ],
      "/Users/apprentice/Desktop/adopt_a_coder/app/models/campaign.rb": [
        1,
        1,
        1,
        1,
        null,
        1,
        1,
        null,
        1,
        1,
        null,
        null,
        null
      ],
      "/Users/apprentice/Desktop/adopt_a_coder/app/models/candidate.rb": [
        1,
        1,
        1,
        null,
        1,
        null,
        null,
        1,
        1,
        1,
        null,
        1,
        null,
        1,
        1,
        null,
        null,
        1,
        null,
        null,
        null,
        1,
        1,
        26,
        null,
        null,
        null
      ],
      "/Users/apprentice/Desktop/adopt_a_coder/app/models/user.rb": [
        1,
        1,
        null,
        null,
        1,
        null,
        null,
        1,
        1,
        null,
        1,
        1,
        null,
        null,
        null
      ],
      "/Users/apprentice/Desktop/adopt_a_coder/app/models/donation.rb": [
        1,
        1,
        1,
        1,
        null,
        1,
        1,
        1,
        null,
        1,
        null,
        1,
        6,
        6,
        6,
        null,
        null,
        null
      ],
      "/Users/apprentice/Desktop/adopt_a_coder/app/models/donor.rb": [
        1,
        1,
        1,
        null,
        1,
        null,
        1,
        1,
        1,
        null,
        1,
        null,
        1,
        null,
        1,
        1,
        null,
        null,
        1,
        1,
        null,
        null,
        null
      ],
      "/Users/apprentice/Desktop/adopt_a_coder/app/models/media.rb": [
        1,
        1,
        1,
        1,
        null
      ],
      "/Users/apprentice/Desktop/adopt_a_coder/app/models/nomination.rb": [
        1,
        1,
        1,
        1,
        null,
        1,
        1,
        1,
        null,
        null
      ],
      "/Users/apprentice/Desktop/adopt_a_coder/app/models/question.rb": [
        1,
        1,
        1,
        1,
        null
      ],
      "/Users/apprentice/Desktop/adopt_a_coder/app/models/response.rb": [
        1,
        1,
        1,
        1,
        null,
        null,
        1,
        6,
        null,
        null,
        null
      ],
      "/Users/apprentice/Desktop/adopt_a_coder/app/models/video.rb": [
        1,
        null,
        1,
        null,
        1,
        18,
        18,
        null,
        null
      ],
      "/Users/apprentice/Desktop/adopt_a_coder/app/models/image.rb": [
        1,
        null,
        1,
        null,
        null
      ]
    },
    "timestamp": 1382392080
  },
  "Cucumber Features": {
    "coverage": {
      "/Users/apprentice/Desktop/adopt_a_coder/app/controllers/home_controller.rb": [
        null,
        1,
        null,
        1,
        4,
        null,
        null,
        1,
        0,
        null,
        null,
        null
      ],
      "/Users/apprentice/Desktop/adopt_a_coder/app/controllers/application_controller.rb": [
        1,
        null,
        null,
        1,
        null,
        1,
        0,
        0,
        null,
        null,
        null,
        1,
        1,
        null,
        null,
        null
      ],
      "/Users/apprentice/Desktop/adopt_a_coder/app/models/candidate.rb": [
        1,
        1,
        1,
        null,
        1,
        1,
        1,
        1,
        1,
        1,
        null,
        1,
        1,
        1,
        null,
        1,
        null,
        1,
        1,
        0,
        null,
        null,
        null
      ],
      "/Users/apprentice/Desktop/adopt_a_coder/app/models/user.rb": [
        1,
        1,
        null,
        null,
        1,
        null,
        null,
        1,
        1,
        null,
        null,
        null,
        null
      ],
      "/Users/apprentice/Desktop/adopt_a_coder/app/models/video.rb": [
        1,
        null,
        1,
        4,
        4,
        null,
        null
      ],
      "/Users/apprentice/Desktop/adopt_a_coder/app/models/media.rb": [
        1,
        1,
        1,
        1,
        null
      ],
      "/Users/apprentice/Desktop/adopt_a_coder/app/models/campaign.rb": [
        1,
        1,
        1,
        1,
        null,
        1,
        1,
        null,
        1,
        0,
        null,
        null,
        null
      ],
      "/Users/apprentice/Desktop/adopt_a_coder/app/models/image.rb": [
        1,
        null,
        null
      ],
      "/Users/apprentice/Desktop/adopt_a_coder/app/models/donation.rb": [
        1,
        1,
        1,
        1,
        null,
        1,
        1,
        1,
        null,
        1,
        null,
        1,
        0,
        0,
        0,
        null,
        null,
        null
      ],
      "/Users/apprentice/Desktop/adopt_a_coder/app/models/donor.rb": [
        1,
        1,
        1,
        null,
        1,
        null,
        1,
        1,
        1,
        null,
        1,
        null
      ]
    },
    "timestamp": 1382296906
  }
}
